# JRE version: OpenJDK Runtime Environment Microsoft-7208460 (11.0.18+10) (build 11.0.18+10-LTS)
# Java VM: OpenJDK 64-Bit Server VM Microsoft-7208460 (11.0.18+10-LTS, mixed mode, tiered, compressed oops, g1 gc, windows-amd64)
Heap:
 garbage-first heap   total 334848K, used 302858K [0x0000000080000000, 0x0000000100000000)
  region size 1024K, 5 young (5120K), 2 survivors (2048K)
 Metaspace       used 175251K, capacity 183214K, committed 183304K, reserved 675840K
  class space    used 22434K, capacity 25528K, committed 25600K, reserved 516096K
GC Heap History (20 events):
Event: 870.188 GC heap before
{Heap before GC invocations=281 (full 0):
 garbage-first heap   total 334848K, used 319606K [0x0000000080000000, 0x0000000100000000)
  region size 1024K, 16 young (16384K), 2 survivors (2048K)
 Metaspace       used 171747K, capacity 179622K, committed 179720K, reserved 671744K
  class space    used 21974K, capacity 25053K, committed 25088K, reserved 516096K
}
Event: 870.202 GC heap after
{Heap after GC invocations=282 (full 0):
 garbage-first heap   total 334848K, used 307562K [0x0000000080000000, 0x0000000100000000)
  region size 1024K, 2 young (2048K), 2 survivors (2048K)
 Metaspace       used 171747K, capacity 179622K, committed 179720K, reserved 671744K
  class space    used 21974K, capacity 25053K, committed 25088K, reserved 516096K
}
Event: 871.841 GC heap before
{Heap before GC invocations=283 (full 0):
 garbage-first heap   total 334848K, used 318826K [0x0000000080000000, 0x0000000100000000)
  region size 1024K, 16 young (16384K), 2 survivors (2048K)
 Metaspace       used 172186K, capacity 180038K, committed 180232K, reserved 671744K
  class space    used 22029K, capacity 25085K, committed 25088K, reserved 516096K
}
Event: 871.853 GC heap after
{Heap after GC invocations=284 (full 0):
 garbage-first heap   total 334848K, used 307838K [0x0000000080000000, 0x0000000100000000)
  region size 1024K, 2 young (2048K), 2 survivors (2048K)
 Metaspace       used 172186K, capacity 180038K, committed 180232K, reserved 671744K
  class space    used 22029K, capacity 25085K, committed 25088K, reserved 516096K
}
Event: 873.760 GC heap before
{Heap before GC invocations=284 (full 0):
 garbage-first heap   total 334848K, used 322174K [0x0000000080000000, 0x0000000100000000)
  region size 1024K, 16 young (16384K), 2 survivors (2048K)
 Metaspace       used 172688K, capacity 180542K, committed 180616K, reserved 671744K
  class space    used 22093K, capacity 25174K, committed 25216K, reserved 516096K
}
Event: 873.782 GC heap after
{Heap after GC invocations=285 (full 0):
 garbage-first heap   total 334848K, used 293380K [0x0000000080000000, 0x0000000100000000)
  region size 1024K, 2 young (2048K), 2 survivors (2048K)
 Metaspace       used 172688K, capacity 180542K, committed 180616K, reserved 671744K
  class space    used 22093K, capacity 25174K, committed 25216K, reserved 516096K
}
Event: 875.041 GC heap before
{Heap before GC invocations=285 (full 0):
 garbage-first heap   total 334848K, used 306692K [0x0000000080000000, 0x0000000100000000)
  region size 1024K, 16 young (16384K), 2 survivors (2048K)
 Metaspace       used 173312K, capacity 181188K, committed 181512K, reserved 673792K
  class space    used 22203K, capacity 25239K, committed 25344K, reserved 516096K
}
Event: 875.050 GC heap after
{Heap after GC invocations=286 (full 0):
 garbage-first heap   total 334848K, used 293648K [0x0000000080000000, 0x0000000100000000)
  region size 1024K, 2 young (2048K), 2 survivors (2048K)
 Metaspace       used 173312K, capacity 181188K, committed 181512K, reserved 673792K
  class space    used 22203K, capacity 25239K, committed 25344K, reserved 516096K
}
Event: 876.260 GC heap before
{Heap before GC invocations=286 (full 0):
 garbage-first heap   total 334848K, used 306960K [0x0000000080000000, 0x0000000100000000)
  region size 1024K, 16 young (16384K), 2 survivors (2048K)
 Metaspace       used 173738K, capacity 181608K, committed 181768K, reserved 673792K
  class space    used 22245K, capacity 25313K, committed 25344K, reserved 516096K
}
Event: 876.286 GC heap after
{Heap after GC invocations=287 (full 0):
 garbage-first heap   total 334848K, used 296053K [0x0000000080000000, 0x0000000100000000)
  region size 1024K, 2 young (2048K), 2 survivors (2048K)
 Metaspace       used 173738K, capacity 181608K, committed 181768K, reserved 673792K
  class space    used 22245K, capacity 25313K, committed 25344K, reserved 516096K
}
Event: 878.137 GC heap before
{Heap before GC invocations=288 (full 0):
 garbage-first heap   total 334848K, used 310389K [0x0000000080000000, 0x0000000100000000)
  region size 1024K, 16 young (16384K), 2 survivors (2048K)
 Metaspace       used 174101K, capacity 182005K, committed 182152K, reserved 673792K
  class space    used 22290K, capacity 25353K, committed 25472K, reserved 516096K
}
Event: 878.151 GC heap after
{Heap after GC invocations=289 (full 0):
 garbage-first heap   total 334848K, used 296876K [0x0000000080000000, 0x0000000100000000)
  region size 1024K, 1 young (1024K), 1 survivors (1024K)
 Metaspace       used 174101K, capacity 182005K, committed 182152K, reserved 673792K
  class space    used 22290K, capacity 25353K, committed 25472K, reserved 516096K
}
Event: 879.958 GC heap before
{Heap before GC invocations=289 (full 0):
 garbage-first heap   total 334848K, used 311212K [0x0000000080000000, 0x0000000100000000)
  region size 1024K, 16 young (16384K), 1 survivors (1024K)
 Metaspace       used 174704K, capacity 182643K, committed 182920K, reserved 673792K
  class space    used 22371K, capacity 25438K, committed 25472K, reserved 516096K
}
Event: 879.976 GC heap after
{Heap after GC invocations=290 (full 0):
 garbage-first heap   total 334848K, used 288135K [0x0000000080000000, 0x0000000100000000)
  region size 1024K, 2 young (2048K), 2 survivors (2048K)
 Metaspace       used 174704K, capacity 182643K, committed 182920K, reserved 673792K
  class space    used 22371K, capacity 25438K, committed 25472K, reserved 516096K
}
Event: 906.849 GC heap before
{Heap before GC invocations=290 (full 0):
 garbage-first heap   total 334848K, used 303495K [0x0000000080000000, 0x0000000100000000)
  region size 1024K, 16 young (16384K), 2 survivors (2048K)
 Metaspace       used 174773K, capacity 182678K, committed 182920K, reserved 673792K
  class space    used 22377K, capacity 25470K, committed 25472K, reserved 516096K
}
Event: 906.858 GC heap after
{Heap after GC invocations=291 (full 0):
 garbage-first heap   total 334848K, used 291075K [0x0000000080000000, 0x0000000100000000)
  region size 1024K, 2 young (2048K), 2 survivors (2048K)
 Metaspace       used 174773K, capacity 182678K, committed 182920K, reserved 673792K
  class space    used 22377K, capacity 25470K, committed 25472K, reserved 516096K
}
Event: 910.257 GC heap before
{Heap before GC invocations=291 (full 0):
 garbage-first heap   total 334848K, used 303363K [0x0000000080000000, 0x0000000100000000)
  region size 1024K, 16 young (16384K), 2 survivors (2048K)
 Metaspace       used 175103K, capacity 183084K, committed 183304K, reserved 675840K
  class space    used 22410K, capacity 25517K, committed 25600K, reserved 516096K
}
Event: 910.285 GC heap after
{Heap after GC invocations=292 (full 0):
 garbage-first heap   total 334848K, used 295158K [0x0000000080000000, 0x0000000100000000)
  region size 1024K, 2 young (2048K), 2 survivors (2048K)
 Metaspace       used 175103K, capacity 183084K, committed 183304K, reserved 675840K
  class space    used 22410K, capacity 25517K, committed 25600K, reserved 516096K
}
Event: 915.556 GC heap before
{Heap before GC invocations=293 (full 0):
 garbage-first heap   total 334848K, used 310518K [0x0000000080000000, 0x0000000100000000)
  region size 1024K, 16 young (16384K), 2 survivors (2048K)
 Metaspace       used 175251K, capacity 183214K, committed 183304K, reserved 675840K
  class space    used 22434K, capacity 25528K, committed 25600K, reserved 516096K
}
Event: 915.588 GC heap after
{Heap after GC invocations=294 (full 0):
 garbage-first heap   total 334848K, used 300810K [0x0000000080000000, 0x0000000100000000)
  region size 1024K, 2 young (2048K), 2 survivors (2048K)
 Metaspace       used 175251K, capacity 183214K, committed 183304K, reserved 675840K
  class space    used 22434K, capacity 25528K, committed 25600K, reserved 516096K
}

