# JRE version: OpenJDK Runtime Environment Microsoft-7208460 (11.0.18+10) (build 11.0.18+10-LTS)
# Java VM: OpenJDK 64-Bit Server VM Microsoft-7208460 (11.0.18+10-LTS, mixed mode, tiered, compressed oops, g1 gc, windows-amd64)
Heap:
 garbage-first heap   total 372736K, used 310367K [0x0000000080000000, 0x0000000100000000)
  region size 1024K, 25 young (25600K), 4 survivors (4096K)
 Metaspace       used 195364K, capacity 204259K, committed 204296K, reserved 694272K
  class space    used 24577K, capacity 27876K, committed 27904K, reserved 516096K
GC Heap History (20 events):
Event: 2226.124 GC heap before
{Heap before GC invocations=334 (full 2):
 garbage-first heap   total 372736K, used 326912K [0x0000000080000000, 0x0000000100000000)
  region size 1024K, 18 young (18432K), 3 survivors (3072K)
 Metaspace       used 193971K, capacity 202774K, committed 202888K, reserved 692224K
  class space    used 24405K, capacity 27686K, committed 27776K, reserved 516096K
}
Event: 2226.140 GC heap after
{Heap after GC invocations=335 (full 2):
 garbage-first heap   total 372736K, used 315819K [0x0000000080000000, 0x0000000100000000)
  region size 1024K, 3 young (3072K), 3 survivors (3072K)
 Metaspace       used 193971K, capacity 202774K, committed 202888K, reserved 692224K
  class space    used 24405K, capacity 27686K, committed 27776K, reserved 516096K
}
Event: 2227.659 GC heap before
{Heap before GC invocations=336 (full 2):
 garbage-first heap   total 372736K, used 328107K [0x0000000080000000, 0x0000000100000000)
  region size 1024K, 18 young (18432K), 3 survivors (3072K)
 Metaspace       used 194024K, capacity 202831K, committed 203144K, reserved 692224K
  class space    used 24411K, capacity 27697K, committed 27776K, reserved 516096K
}
Event: 2227.674 GC heap after
{Heap after GC invocations=337 (full 2):
 garbage-first heap   total 372736K, used 314547K [0x0000000080000000, 0x0000000100000000)
  region size 1024K, 1 young (1024K), 1 survivors (1024K)
 Metaspace       used 194024K, capacity 202831K, committed 203144K, reserved 692224K
  class space    used 24411K, capacity 27697K, committed 27776K, reserved 516096K
}
Event: 2228.506 GC heap before
{Heap before GC invocations=337 (full 2):
 garbage-first heap   total 372736K, used 335027K [0x0000000080000000, 0x0000000100000000)
  region size 1024K, 18 young (18432K), 1 survivors (1024K)
 Metaspace       used 194037K, capacity 202831K, committed 203144K, reserved 692224K
  class space    used 24411K, capacity 27697K, committed 27776K, reserved 516096K
}
Event: 2228.542 GC heap after
{Heap after GC invocations=338 (full 2):
 garbage-first heap   total 372736K, used 303527K [0x0000000080000000, 0x0000000100000000)
  region size 1024K, 2 young (2048K), 2 survivors (2048K)
 Metaspace       used 194037K, capacity 202831K, committed 203144K, reserved 692224K
  class space    used 24411K, capacity 27697K, committed 27776K, reserved 516096K
}
Event: 2230.949 GC heap before
{Heap before GC invocations=338 (full 2):
 garbage-first heap   total 372736K, used 325031K [0x0000000080000000, 0x0000000100000000)
  region size 1024K, 21 young (21504K), 2 survivors (2048K)
 Metaspace       used 194245K, capacity 203035K, committed 203144K, reserved 692224K
  class space    used 24438K, capacity 27713K, committed 27776K, reserved 516096K
}
Event: 2230.957 GC heap after
{Heap after GC invocations=339 (full 2):
 garbage-first heap   total 372736K, used 307092K [0x0000000080000000, 0x0000000100000000)
  region size 1024K, 3 young (3072K), 3 survivors (3072K)
 Metaspace       used 194245K, capacity 203035K, committed 203144K, reserved 692224K
  class space    used 24438K, capacity 27713K, committed 27776K, reserved 516096K
}
Event: 2233.205 GC heap before
{Heap before GC invocations=339 (full 2):
 garbage-first heap   total 372736K, used 323476K [0x0000000080000000, 0x0000000100000000)
  region size 1024K, 20 young (20480K), 3 survivors (3072K)
 Metaspace       used 194268K, capacity 203108K, committed 203400K, reserved 692224K
  class space    used 24441K, capacity 27715K, committed 27776K, reserved 516096K
}
Event: 2233.213 GC heap after
{Heap after GC invocations=340 (full 2):
 garbage-first heap   total 372736K, used 305287K [0x0000000080000000, 0x0000000100000000)
  region size 1024K, 1 young (1024K), 1 survivors (1024K)
 Metaspace       used 194268K, capacity 203108K, committed 203400K, reserved 692224K
  class space    used 24441K, capacity 27715K, committed 27776K, reserved 516096K
}
Event: 2234.104 GC heap before
{Heap before GC invocations=340 (full 2):
 garbage-first heap   total 372736K, used 317575K [0x0000000080000000, 0x0000000100000000)
  region size 1024K, 15 young (15360K), 1 survivors (1024K)
 Metaspace       used 194330K, capacity 203161K, committed 203400K, reserved 692224K
  class space    used 24448K, capacity 27751K, committed 27776K, reserved 516096K
}
Event: 2234.111 GC heap after
{Heap after GC invocations=341 (full 2):
 garbage-first heap   total 372736K, used 306316K [0x0000000080000000, 0x0000000100000000)
  region size 1024K, 2 young (2048K), 2 survivors (2048K)
 Metaspace       used 194330K, capacity 203161K, committed 203400K, reserved 692224K
  class space    used 24448K, capacity 27751K, committed 27776K, reserved 516096K
}
Event: 2235.494 GC heap before
{Heap before GC invocations=341 (full 2):
 garbage-first heap   total 372736K, used 330892K [0x0000000080000000, 0x0000000100000000)
  region size 1024K, 19 young (19456K), 2 survivors (2048K)
 Metaspace       used 194444K, capacity 203304K, committed 203400K, reserved 692224K
  class space    used 24461K, capacity 27755K, committed 27776K, reserved 516096K
}
Event: 2235.509 GC heap after
{Heap after GC invocations=342 (full 2):
 garbage-first heap   total 372736K, used 309155K [0x0000000080000000, 0x0000000100000000)
  region size 1024K, 2 young (2048K), 2 survivors (2048K)
 Metaspace       used 194444K, capacity 203304K, committed 203400K, reserved 692224K
  class space    used 24461K, capacity 27755K, committed 27776K, reserved 516096K
}
Event: 2236.601 GC heap before
{Heap before GC invocations=343 (full 2):
 garbage-first heap   total 372736K, used 320419K [0x0000000080000000, 0x0000000100000000)
  region size 1024K, 18 young (18432K), 2 survivors (2048K)
 Metaspace       used 194782K, capacity 203627K, committed 203784K, reserved 692224K
  class space    used 24510K, capacity 27798K, committed 27904K, reserved 516096K
}
Event: 2236.609 GC heap after
{Heap after GC invocations=344 (full 2):
 garbage-first heap   total 372736K, used 303896K [0x0000000080000000, 0x0000000100000000)
  region size 1024K, 3 young (3072K), 3 survivors (3072K)
 Metaspace       used 194782K, capacity 203627K, committed 203784K, reserved 692224K
  class space    used 24510K, capacity 27798K, committed 27904K, reserved 516096K
}
Event: 2237.628 GC heap before
{Heap before GC invocations=344 (full 2):
 garbage-first heap   total 372736K, used 318232K [0x0000000080000000, 0x0000000100000000)
  region size 1024K, 18 young (18432K), 3 survivors (3072K)
 Metaspace       used 195148K, capacity 204003K, committed 204296K, reserved 694272K
  class space    used 24556K, capacity 27837K, committed 27904K, reserved 516096K
}
Event: 2237.642 GC heap after
{Heap after GC invocations=345 (full 2):
 garbage-first heap   total 372736K, used 287633K [0x0000000080000000, 0x0000000100000000)
  region size 1024K, 2 young (2048K), 2 survivors (2048K)
 Metaspace       used 195148K, capacity 204003K, committed 204296K, reserved 694272K
  class space    used 24556K, capacity 27837K, committed 27904K, reserved 516096K
}
Event: 2239.409 GC heap before
{Heap before GC invocations=345 (full 2):
 garbage-first heap   total 372736K, used 314257K [0x0000000080000000, 0x0000000100000000)
  region size 1024K, 29 young (29696K), 2 survivors (2048K)
 Metaspace       used 195214K, capacity 204103K, committed 204296K, reserved 694272K
  class space    used 24558K, capacity 27870K, committed 27904K, reserved 516096K
}
Event: 2239.421 GC heap after
{Heap after GC invocations=346 (full 2):
 garbage-first heap   total 372736K, used 290911K [0x0000000080000000, 0x0000000100000000)
  region size 1024K, 4 young (4096K), 4 survivors (4096K)
 Metaspace       used 195214K, capacity 204103K, committed 204296K, reserved 694272K
  class space    used 24558K, capacity 27870K, committed 27904K, reserved 516096K
}

