# JRE version: OpenJDK Runtime Environment Microsoft-7208460 (11.0.18+10) (build 11.0.18+10-LTS)
# Java VM: OpenJDK 64-Bit Server VM Microsoft-7208460 (11.0.18+10-LTS, mixed mode, tiered, compressed oops, g1 gc, windows-amd64)
Heap:
 garbage-first heap   total 856064K, used 409600K [0x0000000080000000, 0x0000000100000000)
  region size 1024K, 4 young (4096K), 4 survivors (4096K)
 Metaspace       used 137723K, capacity 144056K, committed 144136K, reserved 641024K
  class space    used 18014K, capacity 20416K, committed 20480K, reserved 516096K
GC Heap History (20 events):
Event: 262.856 GC heap after
{Heap after GC invocations=180 (full 0):
 garbage-first heap   total 347136K, used 330267K [0x0000000080000000, 0x0000000100000000)
  region size 1024K, 2 young (2048K), 2 survivors (2048K)
 Metaspace       used 131105K, capacity 137108K, committed 137352K, reserved 634880K
  class space    used 16974K, capacity 19221K, committed 19328K, reserved 516096K
}
Event: 263.648 GC heap before
{Heap before GC invocations=180 (full 0):
 garbage-first heap   total 347136K, used 344603K [0x0000000080000000, 0x0000000100000000)
  region size 1024K, 16 young (16384K), 2 survivors (2048K)
 Metaspace       used 131614K, capacity 137683K, committed 137992K, reserved 634880K
  class space    used 17050K, capacity 19326K, committed 19456K, reserved 516096K
}
Event: 263.684 GC heap after
{Heap after GC invocations=181 (full 0):
 garbage-first heap   total 428032K, used 335788K [0x0000000080000000, 0x0000000100000000)
  region size 1024K, 2 young (2048K), 2 survivors (2048K)
 Metaspace       used 131614K, capacity 137683K, committed 137992K, reserved 634880K
  class space    used 17050K, capacity 19326K, committed 19456K, reserved 516096K
}
Event: 264.554 GC heap before
{Heap before GC invocations=182 (full 0):
 garbage-first heap   total 428032K, used 354220K [0x0000000080000000, 0x0000000100000000)
  region size 1024K, 20 young (20480K), 2 survivors (2048K)
 Metaspace       used 132220K, capacity 138279K, committed 138504K, reserved 636928K
  class space    used 17119K, capacity 19395K, committed 19456K, reserved 516096K
}
Event: 264.590 GC heap after
{Heap after GC invocations=183 (full 0):
 garbage-first heap   total 428032K, used 342566K [0x0000000080000000, 0x0000000100000000)
  region size 1024K, 3 young (3072K), 3 survivors (3072K)
 Metaspace       used 132220K, capacity 138279K, committed 138504K, reserved 636928K
  class space    used 17119K, capacity 19395K, committed 19456K, reserved 516096K
}
Event: 264.940 GC heap before
{Heap before GC invocations=183 (full 0):
 garbage-first heap   total 428032K, used 360998K [0x0000000080000000, 0x0000000100000000)
  region size 1024K, 22 young (22528K), 3 survivors (3072K)
 Metaspace       used 133067K, capacity 139125K, committed 139400K, reserved 636928K
  class space    used 17258K, capacity 19527K, committed 19584K, reserved 516096K
}
Event: 264.976 GC heap after
{Heap after GC invocations=184 (full 0):
 garbage-first heap   total 428032K, used 349156K [0x0000000080000000, 0x0000000100000000)
  region size 1024K, 3 young (3072K), 3 survivors (3072K)
 Metaspace       used 133067K, capacity 139125K, committed 139400K, reserved 636928K
  class space    used 17258K, capacity 19527K, committed 19584K, reserved 516096K
}
Event: 265.187 GC heap before
{Heap before GC invocations=184 (full 0):
 garbage-first heap   total 428032K, used 367588K [0x0000000080000000, 0x0000000100000000)
  region size 1024K, 20 young (20480K), 3 survivors (3072K)
 Metaspace       used 133287K, capacity 139367K, committed 139400K, reserved 636928K
  class space    used 17274K, capacity 19564K, committed 19584K, reserved 516096K
}
Event: 265.216 GC heap after
{Heap after GC invocations=185 (full 0):
 garbage-first heap   total 428032K, used 354913K [0x0000000080000000, 0x0000000100000000)
  region size 1024K, 3 young (3072K), 3 survivors (3072K)
 Metaspace       used 133287K, capacity 139367K, committed 139400K, reserved 636928K
  class space    used 17274K, capacity 19564K, committed 19584K, reserved 516096K
}
Event: 265.731 GC heap before
{Heap before GC invocations=185 (full 0):
 garbage-first heap   total 428032K, used 371297K [0x0000000080000000, 0x0000000100000000)
  region size 1024K, 20 young (20480K), 3 survivors (3072K)
 Metaspace       used 133943K, capacity 140137K, committed 140424K, reserved 636928K
  class space    used 17392K, capacity 19735K, committed 19840K, reserved 516096K
}
Event: 265.875 GC heap after
{Heap after GC invocations=186 (full 0):
 garbage-first heap   total 544768K, used 356485K [0x0000000080000000, 0x0000000100000000)
  region size 1024K, 2 young (2048K), 2 survivors (2048K)
 Metaspace       used 133943K, capacity 140137K, committed 140424K, reserved 636928K
  class space    used 17392K, capacity 19735K, committed 19840K, reserved 516096K
}
Event: 268.379 GC heap before
{Heap before GC invocations=187 (full 0):
 garbage-first heap   total 544768K, used 389253K [0x0000000080000000, 0x0000000100000000)
  region size 1024K, 36 young (36864K), 2 survivors (2048K)
 Metaspace       used 135833K, capacity 142153K, committed 142344K, reserved 638976K
  class space    used 17786K, capacity 20164K, committed 20224K, reserved 516096K
}
Event: 268.397 GC heap after
{Heap after GC invocations=188 (full 0):
 garbage-first heap   total 544768K, used 358826K [0x0000000080000000, 0x0000000100000000)
  region size 1024K, 4 young (4096K), 4 survivors (4096K)
 Metaspace       used 135833K, capacity 142153K, committed 142344K, reserved 638976K
  class space    used 17786K, capacity 20164K, committed 20224K, reserved 516096K
}
Event: 269.931 GC heap before
{Heap before GC invocations=188 (full 0):
 garbage-first heap   total 544768K, used 381354K [0x0000000080000000, 0x0000000100000000)
  region size 1024K, 26 young (26624K), 4 survivors (4096K)
 Metaspace       used 136809K, capacity 143108K, committed 143240K, reserved 641024K
  class space    used 17902K, capacity 20296K, committed 20352K, reserved 516096K
}
Event: 269.978 GC heap after
{Heap after GC invocations=189 (full 0):
 garbage-first heap   total 544768K, used 366811K [0x0000000080000000, 0x0000000100000000)
  region size 1024K, 4 young (4096K), 4 survivors (4096K)
 Metaspace       used 136809K, capacity 143108K, committed 143240K, reserved 641024K
  class space    used 17902K, capacity 20296K, committed 20352K, reserved 516096K
}
Event: 270.840 GC heap before
{Heap before GC invocations=190 (full 0):
 garbage-first heap   total 544768K, used 389339K [0x0000000080000000, 0x0000000100000000)
  region size 1024K, 26 young (26624K), 4 survivors (4096K)
 Metaspace       used 137079K, capacity 143397K, committed 143496K, reserved 641024K
  class space    used 17930K, capacity 20328K, committed 20352K, reserved 516096K
}
Event: 270.888 GC heap after
{Heap after GC invocations=191 (full 0):
 garbage-first heap   total 544768K, used 377856K [0x0000000080000000, 0x0000000100000000)
  region size 1024K, 4 young (4096K), 4 survivors (4096K)
 Metaspace       used 137079K, capacity 143397K, committed 143496K, reserved 641024K
  class space    used 17930K, capacity 20328K, committed 20352K, reserved 516096K
}
Event: 272.805 GC heap before
{Heap before GC invocations=191 (full 0):
 garbage-first heap   total 544768K, used 420864K [0x0000000080000000, 0x0000000100000000)
  region size 1024K, 47 young (48128K), 4 survivors (4096K)
 Metaspace       used 137610K, capacity 143986K, committed 144136K, reserved 641024K
  class space    used 17998K, capacity 20414K, committed 20480K, reserved 516096K
}
Event: 272.903 GC heap after
{Heap after GC invocations=192 (full 0):
 garbage-first heap   total 544768K, used 398815K [0x0000000080000000, 0x0000000100000000)
  region size 1024K, 6 young (6144K), 6 survivors (6144K)
 Metaspace       used 137610K, capacity 143986K, committed 144136K, reserved 641024K
  class space    used 17998K, capacity 20414K, committed 20480K, reserved 516096K
}
Event: 273.777 GC heap before
{Heap before GC invocations=192 (full 0):
 garbage-first heap   total 544768K, used 419295K [0x0000000080000000, 0x0000000100000000)
  region size 1024K, 26 young (26624K), 6 survivors (6144K)
 Metaspace       used 137723K, capacity 144056K, committed 144136K, reserved 641024K
  class space    used 18014K, capacity 20416K, committed 20480K, reserved 516096K
}

